<?xml version="1.0" encoding="UTF-8"?>
<testsuite xmlns:xsi="http://www.w3.org/2001/XMLSchema-instance" xsi:noNamespaceSchemaLocation="https://maven.apache.org/surefire/maven-surefire-plugin/xsd/surefire-test-report-3.0.xsd" version="3.0" name="io.fabric8.maven.docker.util.EnvUtilTest" time="0.024" tests="28" errors="0" skipped="0" failures="0">
  <properties>
[...]
</properties>
  <testcase name="splitAtCommas" classname="io.fabric8.maven.docker.util.EnvUtilTest" time="0.003"/>
  <testcase name="splitAtCommasNullInList" classname="io.fabric8.maven.docker.util.EnvUtilTest" time="0"/>
  <testcase name="splitOnSpace: input &quot;bla blub&quot; splits to [bla, blub]" classname="io.fabric8.maven.docker.util.EnvUtilTest" time="0"/>
  <testcase name="splitOnSpace: input &quot;bla\ blub&quot; splits to [bla blub]" classname="io.fabric8.maven.docker.util.EnvUtilTest" time="0"/>
  <testcase name="splitOnSpace: input &quot;bla blub\ blubber&quot; splits to [bla, blub blubber]" classname="io.fabric8.maven.docker.util.EnvUtilTest" time="0"/>
  <testcase name="extractListFromProperties" classname="io.fabric8.maven.docker.util.EnvUtilTest" time="0"/>
  <testcase name="splitAtCommasNullList" classname="io.fabric8.maven.docker.util.EnvUtilTest" time="0"/>
  <testcase name="splitAtCommasSingleEmpty" classname="io.fabric8.maven.docker.util.EnvUtilTest" time="0"/>
  <testcase name="ensureRegistryHttpUrl" classname="io.fabric8.maven.docker.util.EnvUtilTest" time="0"/>
  <testcase name="versionChecks: max(null,null) = null, null &gt;= null ? false" classname="io.fabric8.maven.docker.util.EnvUtilTest" time="0"/>
  <testcase name="versionChecks: max(1.10,null) = 1.10, 1.10 &gt;= null ? true" classname="io.fabric8.maven.docker.util.EnvUtilTest" time="0"/>
  <testcase name="versionChecks: max(null,1.10) = 1.10, null &gt;= 1.10 ? false" classname="io.fabric8.maven.docker.util.EnvUtilTest" time="0.002"/>
  <testcase name="versionChecks: max(1.22,1.10) = 1.22, 1.22 &gt;= 1.10 ? true" classname="io.fabric8.maven.docker.util.EnvUtilTest" time="0"/>
  <testcase name="versionChecks: max(1.10,1.25) = 1.25, 1.10 &gt;= 1.25 ? false" classname="io.fabric8.maven.docker.util.EnvUtilTest" time="0"/>
  <testcase name="versionChecks: max(1.23,1.23) = 1.23, 1.23 &gt;= 1.23 ? true" classname="io.fabric8.maven.docker.util.EnvUtilTest" time="0"/>
  <testcase name="versionChecks: max(1.23.1,1.23) = 1.23.1, 1.23.1 &gt;= 1.23 ? true" classname="io.fabric8.maven.docker.util.EnvUtilTest" time="0"/>
  <testcase name="versionChecks: max(1.25,1.25.1) = 1.25.1, 1.25 &gt;= 1.25.1 ? false" classname="io.fabric8.maven.docker.util.EnvUtilTest" time="0"/>
  <testcase name="versionChecks: max(1.23.1,2.0) = 2.0, 1.23.1 &gt;= 2.0 ? false" classname="io.fabric8.maven.docker.util.EnvUtilTest" time="0"/>
  <testcase name="splitAtCommasEmpty" classname="io.fabric8.maven.docker.util.EnvUtilTest" time="0"/>
  <testcase name="splitPath" classname="io.fabric8.maven.docker.util.EnvUtilTest" time="0"/>
  <testcase name="extractMapFromProperties" classname="io.fabric8.maven.docker.util.EnvUtilTest" time="0"/>
  <testcase name="removeEmptyEntries" classname="io.fabric8.maven.docker.util.EnvUtilTest" time="0"/>
  <testcase name="mavenPropertyExtract: expression ${var1} =&gt; variable var1" classname="io.fabric8.maven.docker.util.EnvUtilTest" time="0.001"/>
  <testcase name="mavenPropertyExtract: expression ${  var2} =&gt; variable var2" classname="io.fabric8.maven.docker.util.EnvUtilTest" time="0"/>
  <testcase name="mavenPropertyExtract: expression  ${ var3}   =&gt; variable var3" classname="io.fabric8.maven.docker.util.EnvUtilTest" time="0.001"/>
  <testcase name="mavenPropertyExtract: expression nonvar =&gt; variable null" classname="io.fabric8.maven.docker.util.EnvUtilTest" time="0"/>
  <testcase name="mavenPropertyExtract: expression ${nonvar =&gt; variable null" classname="io.fabric8.maven.docker.util.EnvUtilTest" time="0"/>
  <testcase name="fixupPath" classname="io.fabric8.maven.docker.util.EnvUtilTest" time="0"/>
</testsuite>